<?xml version="1.0" encoding="UTF-8"?>
<testng-results ignored="0" total="2" passed="2" failed="0" skipped="0">
  <reporter-output>
  </reporter-output>
  <suite started-at="2022-11-24T23:56:40 IST" name="Suite" finished-at="2022-11-24T23:56:45 IST" duration-ms="5395">
    <groups>
    </groups>
    <test started-at="2022-11-24T23:56:40 IST" name="Test" finished-at="2022-11-24T23:56:45 IST" duration-ms="5395">
      <class name="test.WikiPediaTest">
        <test-method is-config="true" signature="browserLaunch()[pri:0, instance:test.WikiPediaTest@10feca44]" started-at="2022-11-24T23:56:40 IST" name="browserLaunch" finished-at="2022-11-24T23:56:43 IST" duration-ms="3060" status="PASS">
          <reporter-output>
          </reporter-output>
        </test-method> <!-- browserLaunch -->
        <test-method is-config="true" signature="pageObjects()[pri:0, instance:test.WikiPediaTest@10feca44]" started-at="2022-11-24T23:56:43 IST" name="pageObjects" finished-at="2022-11-24T23:56:43 IST" duration-ms="122" status="PASS">
          <reporter-output>
          </reporter-output>
        </test-method> <!-- pageObjects -->
        <test-method signature="rel()[pri:1, instance:test.WikiPediaTest@10feca44]" started-at="2022-11-24T23:56:43 IST" name="rel" finished-at="2022-11-24T23:56:44 IST" duration-ms="1420" status="PASS">
          <reporter-output>
          </reporter-output>
        </test-method> <!-- rel -->
        <test-method signature="date()[pri:2, instance:test.WikiPediaTest@10feca44]" started-at="2022-11-24T23:56:44 IST" name="date" finished-at="2022-11-24T23:56:44 IST" duration-ms="29" status="PASS">
          <reporter-output>
          </reporter-output>
        </test-method> <!-- date -->
        <test-method is-config="true" signature="tearDown()[pri:0, instance:test.WikiPediaTest@10feca44]" started-at="2022-11-24T23:56:44 IST" name="tearDown" finished-at="2022-11-24T23:56:45 IST" duration-ms="733" status="PASS">
          <reporter-output>
          </reporter-output>
        </test-method> <!-- tearDown -->
      </class> <!-- test.WikiPediaTest -->
    </test> <!-- Test -->
  </suite> <!-- Suite -->
</testng-results>
