<?xml version="1.0" encoding="UTF-8"?>
<testng-results ignored="0" total="2" passed="2" failed="0" skipped="0">
  <reporter-output>
  </reporter-output>
  <suite started-at="2022-11-25T00:11:07 IST" name="Surefire suite" finished-at="2022-11-25T00:11:14 IST" duration-ms="6890">
    <groups>
    </groups>
    <test started-at="2022-11-25T00:11:07 IST" name="Surefire test" finished-at="2022-11-25T00:11:14 IST" duration-ms="6890">
      <class name="test.WikiPediaTest">
        <test-method is-config="true" signature="browserLaunch()[pri:0, instance:test.WikiPediaTest@33c911a1]" started-at="2022-11-25T00:11:07 IST" name="browserLaunch" finished-at="2022-11-25T00:11:11 IST" duration-ms="4083" status="PASS">
          <reporter-output>
          </reporter-output>
        </test-method> <!-- browserLaunch -->
        <test-method is-config="true" signature="pageObjects()[pri:0, instance:test.WikiPediaTest@33c911a1]" started-at="2022-11-25T00:11:11 IST" name="pageObjects" finished-at="2022-11-25T00:11:11 IST" duration-ms="28" status="PASS">
          <reporter-output>
          </reporter-output>
        </test-method> <!-- pageObjects -->
        <test-method signature="rel()[pri:1, instance:test.WikiPediaTest@33c911a1]" started-at="2022-11-25T00:11:11 IST" name="rel" finished-at="2022-11-25T00:11:13 IST" duration-ms="1928" status="PASS">
          <reporter-output>
          </reporter-output>
        </test-method> <!-- rel -->
        <test-method signature="date()[pri:2, instance:test.WikiPediaTest@33c911a1]" started-at="2022-11-25T00:11:13 IST" name="date" finished-at="2022-11-25T00:11:13 IST" duration-ms="76" status="PASS">
          <reporter-output>
          </reporter-output>
        </test-method> <!-- date -->
        <test-method is-config="true" signature="tearDown()[pri:0, instance:test.WikiPediaTest@33c911a1]" started-at="2022-11-25T00:11:13 IST" name="tearDown" finished-at="2022-11-25T00:11:14 IST" duration-ms="735" status="PASS">
          <reporter-output>
          </reporter-output>
        </test-method> <!-- tearDown -->
      </class> <!-- test.WikiPediaTest -->
    </test> <!-- Surefire test -->
  </suite> <!-- Surefire suite -->
</testng-results>
